TN:
SF:/Users/ricokahler/workspace/oauth2-window-dot-open/src/index.ts
FN:16,(anonymous_13)
FN:30,OAuth2PopupFlow
FN:45,(anonymous_15)
FN:48,(anonymous_16)
FN:54,(anonymous_17)
FN:69,(anonymous_18)
FN:86,(anonymous_19)
FN:90,(anonymous_20)
FN:106,(anonymous_21)
FN:128,(anonymous_24)
FN:134,(anonymous_27)
FN:146,(anonymous_30)
FN:158,(anonymous_33)
FN:166,(anonymous_34)
FN:167,(anonymous_35)
FN:167,(anonymous_36)
FN:173,(anonymous_37)
FN:181,(anonymous_38)
FN:184,(anonymous_39)
FN:185,(anonymous_40)
FN:190,(anonymous_41)
FN:191,(anonymous_42)
FNF:22
FNH:16
FNDA:1,(anonymous_13)
FNDA:19,OAuth2PopupFlow
FNDA:15,(anonymous_15)
FNDA:4,(anonymous_16)
FNDA:11,(anonymous_17)
FNDA:5,(anonymous_18)
FNDA:0,(anonymous_19)
FNDA:0,(anonymous_20)
FNDA:0,(anonymous_21)
FNDA:0,(anonymous_24)
FNDA:0,(anonymous_27)
FNDA:0,(anonymous_30)
FNDA:8,(anonymous_33)
FNDA:1,(anonymous_34)
FNDA:1,(anonymous_35)
FNDA:1,(anonymous_36)
FNDA:6,(anonymous_37)
FNDA:1,(anonymous_38)
FNDA:2,(anonymous_39)
FNDA:2,(anonymous_40)
FNDA:1,(anonymous_41)
FNDA:2,(anonymous_42)
DA:16,1
DA:31,19
DA:32,19
DA:33,19
DA:34,19
DA:35,19
DA:36,19
DA:37,19
DA:38,19
DA:39,19
DA:40,19
DA:41,19
DA:42,19
DA:45,1
DA:46,15
DA:49,4
DA:50,3
DA:51,2
DA:54,1
DA:55,11
DA:56,11
DA:58,7
DA:59,7
DA:60,7
DA:62,6
DA:63,6
DA:66,6
DA:69,1
DA:70,5
DA:71,5
DA:73,4
DA:74,1
DA:75,1
DA:78,3
DA:79,3
DA:81,2
DA:83,1
DA:86,1
DA:87,0
DA:90,1
DA:91,0
DA:92,0
DA:93,0
DA:94,0
DA:95,0
DA:96,0
DA:97,0
DA:99,0
DA:100,0
DA:101,0
DA:102,0
DA:103,0
DA:106,1
DA:107,0
DA:109,0
DA:110,0
DA:113,0
DA:120,0
DA:122,0
DA:124,0
DA:125,0
DA:128,1
DA:129,0
DA:130,0
DA:134,1
DA:135,0
DA:136,0
DA:137,0
DA:139,0
DA:140,0
DA:141,0
DA:143,0
DA:146,1
DA:147,0
DA:148,0
DA:149,0
DA:151,0
DA:152,0
DA:153,0
DA:155,0
DA:158,1
DA:159,8
DA:160,8
DA:162,2
DA:166,1
DA:167,1
DA:173,1
DA:174,6
DA:175,6
DA:177,1
DA:181,1
DA:182,1
DA:184,2
DA:185,2
DA:190,1
DA:191,1
DA:192,2
DA:193,2
DA:194,2
DA:195,2
DA:196,2
DA:199,1
LF:102
LH:65
BRDA:35,0,0,19
BRDA:35,0,1,13
BRDA:36,1,0,19
BRDA:36,1,1,13
BRDA:37,2,0,19
BRDA:37,2,1,13
BRDA:38,3,0,19
BRDA:38,3,1,1
BRDA:39,4,0,19
BRDA:39,4,1,13
BRDA:40,5,0,19
BRDA:40,5,1,13
BRDA:46,6,0,15
BRDA:46,6,1,6
BRDA:49,7,0,1
BRDA:49,7,1,3
BRDA:50,8,0,1
BRDA:50,8,1,2
BRDA:56,9,0,4
BRDA:56,9,1,7
BRDA:60,10,0,1
BRDA:60,10,1,6
BRDA:71,11,0,1
BRDA:71,11,1,4
BRDA:73,12,0,1
BRDA:73,12,1,3
BRDA:75,13,0,1
BRDA:75,13,1,0
BRDA:79,14,0,1
BRDA:79,14,1,2
BRDA:81,15,0,1
BRDA:81,15,1,1
BRDA:92,16,0,0
BRDA:92,16,1,0
BRDA:94,17,0,0
BRDA:94,17,1,0
BRDA:96,18,0,0
BRDA:96,18,1,0
BRDA:101,19,0,0
BRDA:101,19,1,0
BRDA:107,20,0,0
BRDA:107,20,1,0
BRDA:120,21,0,0
BRDA:120,21,1,0
BRDA:140,22,0,0
BRDA:140,22,1,0
BRDA:152,23,0,0
BRDA:152,23,1,0
BRF:48
BRH:31
end_of_record
