TN:
SF:/Users/ricokahler/workspace/oauth2-window-dot-open/src/index.ts
FN:17,(anonymous_13)
FN:32,OAuth2PopupFlow
FN:48,(anonymous_15)
FN:51,(anonymous_16)
FN:57,(anonymous_17)
FN:72,(anonymous_18)
FN:89,(anonymous_19)
FN:93,(anonymous_20)
FN:112,(anonymous_21)
FN:134,(anonymous_24)
FN:140,(anonymous_27)
FN:152,(anonymous_30)
FN:164,(anonymous_33)
FN:172,(anonymous_34)
FN:173,(anonymous_35)
FN:173,(anonymous_36)
FN:179,(anonymous_37)
FN:187,(anonymous_38)
FN:190,(anonymous_39)
FN:191,(anonymous_40)
FN:196,(anonymous_41)
FN:197,(anonymous_42)
FNF:22
FNH:18
FNDA:1,(anonymous_13)
FNDA:27,OAuth2PopupFlow
FNDA:19,(anonymous_15)
FNDA:6,(anonymous_16)
FNDA:14,(anonymous_17)
FNDA:8,(anonymous_18)
FNDA:1,(anonymous_19)
FNDA:6,(anonymous_20)
FNDA:0,(anonymous_21)
FNDA:0,(anonymous_24)
FNDA:0,(anonymous_27)
FNDA:0,(anonymous_30)
FNDA:10,(anonymous_33)
FNDA:1,(anonymous_34)
FNDA:1,(anonymous_35)
FNDA:1,(anonymous_36)
FNDA:16,(anonymous_37)
FNDA:4,(anonymous_38)
FNDA:7,(anonymous_39)
FNDA:7,(anonymous_40)
FNDA:4,(anonymous_41)
FNDA:7,(anonymous_42)
DA:17,1
DA:33,27
DA:34,27
DA:35,27
DA:36,27
DA:37,27
DA:38,27
DA:39,27
DA:40,27
DA:41,27
DA:42,27
DA:43,27
DA:44,27
DA:45,27
DA:48,1
DA:49,19
DA:52,6
DA:53,5
DA:54,4
DA:57,1
DA:58,14
DA:59,14
DA:61,9
DA:62,9
DA:63,9
DA:65,8
DA:66,8
DA:69,8
DA:72,1
DA:73,8
DA:74,8
DA:76,6
DA:77,2
DA:78,2
DA:81,5
DA:82,5
DA:84,4
DA:86,3
DA:89,1
DA:90,1
DA:93,1
DA:94,6
DA:95,6
DA:96,5
DA:97,5
DA:98,4
DA:99,4
DA:100,3
DA:102,3
DA:103,3
DA:104,1
DA:106,3
DA:107,3
DA:108,2
DA:109,2
DA:112,1
DA:113,0
DA:115,0
DA:116,0
DA:119,0
DA:126,0
DA:128,0
DA:130,0
DA:131,0
DA:134,1
DA:135,0
DA:136,0
DA:140,1
DA:141,0
DA:142,0
DA:143,0
DA:145,0
DA:146,0
DA:147,0
DA:149,0
DA:152,1
DA:153,0
DA:154,0
DA:155,0
DA:157,0
DA:158,0
DA:159,0
DA:161,0
DA:164,1
DA:165,10
DA:166,10
DA:168,2
DA:172,1
DA:173,1
DA:179,1
DA:180,16
DA:181,16
DA:183,1
DA:187,1
DA:188,4
DA:190,7
DA:191,7
DA:196,4
DA:197,4
DA:198,7
DA:199,7
DA:200,7
DA:201,7
DA:202,7
DA:205,1
LF:105
LH:81
BRDA:37,0,0,27
BRDA:37,0,1,25
BRDA:38,1,0,27
BRDA:38,1,1,26
BRDA:39,2,0,27
BRDA:39,2,1,26
BRDA:40,3,0,27
BRDA:40,3,1,6
BRDA:41,4,0,27
BRDA:41,4,1,26
BRDA:42,5,0,27
BRDA:42,5,1,26
BRDA:49,6,0,19
BRDA:49,6,1,7
BRDA:52,7,0,1
BRDA:52,7,1,5
BRDA:53,8,0,1
BRDA:53,8,1,4
BRDA:59,9,0,5
BRDA:59,9,1,9
BRDA:63,10,0,1
BRDA:63,10,1,8
BRDA:74,11,0,2
BRDA:74,11,1,6
BRDA:76,12,0,2
BRDA:76,12,1,4
BRDA:78,13,0,1
BRDA:78,13,1,1
BRDA:82,14,0,1
BRDA:82,14,1,4
BRDA:84,15,0,1
BRDA:84,15,1,3
BRDA:95,16,0,1
BRDA:95,16,1,5
BRDA:97,17,0,1
BRDA:97,17,1,4
BRDA:99,18,0,1
BRDA:99,18,1,3
BRDA:103,19,0,1
BRDA:103,19,1,2
BRDA:107,20,0,1
BRDA:107,20,1,2
BRDA:113,21,0,0
BRDA:113,21,1,0
BRDA:126,22,0,0
BRDA:126,22,1,0
BRDA:146,23,0,0
BRDA:146,23,1,0
BRDA:158,24,0,0
BRDA:158,24,1,0
BRF:50
BRH:42
end_of_record
